The system is: Linux - 6.5.0-14-generic - x86_64
Compiling the Fortran compiler identification source file "CMakeFortranCompilerId.F" succeeded.
Compiler: /netsoft/gcc-13.2.0/hipfort/5.7.1/bin/hipfc 
Build flags: 
Id flags: -v 

The output was:
0
/netsoft/gcc/13.2.0/bin/gfortran -cpp -I/netsoft/gcc-13.2.0/hipfort/5.7.1/include/hipfort/amdgcn  CMakeFortranCompilerId.F  -L/netsoft/gcc-13.2.0/hipfort/5.7.1/lib -lhipfort-amdgcn -L/opt/rocm/lib -lamdhip64 -Wl,-rpath=/opt/rocm/lib  -lstdc++ -o /home/toby/Pelagos/Projects/Hipfort_Course/CMakeFiles/3.22.1/CompilerIdFortran/a.out


Compilation of the Fortran compiler identification source "CMakeFortranCompilerId.F" produced "a.out"

The Fortran compiler identification is GNU, found in "/home/toby/Pelagos/Projects/Hipfort_Course/CMakeFiles/3.22.1/CompilerIdFortran/a.out"

Compiling the HIP compiler identification source file "CMakeHIPCompilerId.hip" succeeded.
Compiler: /opt/rocm/llvm/bin/clang++ 
Build flags: 
Id flags: -v 

The output was:
0
AMD clang version 17.0.0 (https://github.com/RadeonOpenCompute/llvm-project roc-5.7.3 23382 f3e174a1d286158c06e4cc8276366b1d4bc0c914)
Target: x86_64-unknown-linux-gnu
Thread model: posix
InstalledDir: /opt/rocm/llvm/bin
Found candidate GCC installation: /usr/lib/gcc/x86_64-linux-gnu/11
Found candidate GCC installation: /usr/lib/gcc/x86_64-linux-gnu/12
Selected GCC installation: /usr/lib/gcc/x86_64-linux-gnu/12
Candidate multilib: .;@m64
Candidate multilib: 32;@m32
Selected multilib: .;@m64
Found CUDA installation: /usr/local/cuda-12.1, version 
Found HIP installation: /opt/rocm, version 5.7.31921
 "/opt/rocm-5.7.3/llvm/bin/clang-17" -cc1 -triple amdgcn-amd-amdhsa -aux-triple x86_64-unknown-linux-gnu -emit-obj -mrelax-all -disable-free -clear-ast-before-backend -disable-llvm-verifier -discard-value-names -main-file-name CMakeHIPCompilerId.hip -mrelocation-model pic -pic-level 2 -fhalf-no-semantic-interposition -mframe-pointer=all -fno-rounding-math -mconstructor-aliases -aux-target-cpu x86-64 -fcuda-is-device -mllvm -amdgpu-internalize-symbols -fcuda-allow-variadic-functions -fvisibility=hidden -fapply-global-visibility-to-externs -mlink-builtin-bitcode /opt/rocm/amdgcn/bitcode/hip.bc -mlink-builtin-bitcode /opt/rocm/amdgcn/bitcode/ocml.bc -mlink-builtin-bitcode /opt/rocm/amdgcn/bitcode/ockl.bc -mlink-builtin-bitcode /opt/rocm/amdgcn/bitcode/oclc_daz_opt_off.bc -mlink-builtin-bitcode /opt/rocm/amdgcn/bitcode/oclc_unsafe_math_off.bc -mlink-builtin-bitcode /opt/rocm/amdgcn/bitcode/oclc_finite_only_off.bc -mlink-builtin-bitcode /opt/rocm/amdgcn/bitcode/oclc_correctly_rounded_sqrt_on.bc -mlink-builtin-bitcode /opt/rocm/amdgcn/bitcode/oclc_wavefrontsize64_on.bc -mlink-builtin-bitcode /opt/rocm/amdgcn/bitcode/oclc_isa_version_906.bc -mlink-builtin-bitcode /opt/rocm/amdgcn/bitcode/oclc_abi_version_500.bc -target-cpu gfx906 -debugger-tuning=gdb -v -resource-dir /opt/rocm-5.7.3/llvm/lib/clang/17.0.0 -internal-isystem /opt/rocm-5.7.3/llvm/lib/clang/17.0.0/include/cuda_wrappers -idirafter /opt/rocm/include -include __clang_hip_runtime_wrapper.h -c-isystem /opt/rocm/llvm/include/gpu-none-llvm -I/netsoft/gcc-13.2.0/hipfort/5.7.1/include -I/opt/rocm/include -I/netsoft/gcc/13.2.0/include -I/usr/local/cuda-12.1/include -internal-isystem /usr/lib/gcc/x86_64-linux-gnu/12/../../../../include/c++/12 -internal-isystem /usr/lib/gcc/x86_64-linux-gnu/12/../../../../include/x86_64-linux-gnu/c++/12 -internal-isystem /usr/lib/gcc/x86_64-linux-gnu/12/../../../../include/c++/12/backward -internal-isystem /usr/lib/gcc/x86_64-linux-gnu/12/../../../../include/c++/12 -internal-isystem /usr/lib/gcc/x86_64-linux-gnu/12/../../../../include/x86_64-linux-gnu/c++/12 -internal-isystem /usr/lib/gcc/x86_64-linux-gnu/12/../../../../include/c++/12/backward -internal-isystem /opt/rocm-5.7.3/llvm/lib/clang/17.0.0/include -internal-isystem /usr/local/include -internal-isystem /usr/lib/gcc/x86_64-linux-gnu/12/../../../../x86_64-linux-gnu/include -internal-externc-isystem /usr/include/x86_64-linux-gnu -internal-externc-isystem /include -internal-externc-isystem /usr/include -internal-isystem /opt/rocm-5.7.3/llvm/lib/clang/17.0.0/include -internal-isystem /usr/local/include -internal-isystem /usr/lib/gcc/x86_64-linux-gnu/12/../../../../x86_64-linux-gnu/include -internal-externc-isystem /usr/include/x86_64-linux-gnu -internal-externc-isystem /include -internal-externc-isystem /usr/include -fdeprecated-macro -fno-autolink -fdebug-compilation-dir=/home/toby/Pelagos/Projects/Hipfort_Course/CMakeFiles/3.22.1/CompilerIdHIP -ferror-limit 19 -fhip-new-launch-api -fgnuc-version=4.2.1 -fcxx-exceptions -fexceptions -cuid=344b9bea52a8c751 -fcuda-allow-variadic-functions -faddrsig -D__GCC_HAVE_DWARF2_CFI_ASM=1 -o /tmp/CMakeHIPCompilerId-gfx906-306fc5.o -x hip CMakeHIPCompilerId.hip
clang -cc1 version 17.0.0 based upon LLVM 17.0.0git default target x86_64-unknown-linux-gnu
ignoring nonexistent directory "/opt/rocm/llvm/include/gpu-none-llvm"
ignoring nonexistent directory "/usr/lib/gcc/x86_64-linux-gnu/12/../../../../x86_64-linux-gnu/include"
ignoring nonexistent directory "/include"
ignoring nonexistent directory "/usr/lib/gcc/x86_64-linux-gnu/12/../../../../x86_64-linux-gnu/include"
ignoring nonexistent directory "/include"
ignoring duplicate directory "/usr/lib/gcc/x86_64-linux-gnu/12/../../../../include/c++/12"
ignoring duplicate directory "/usr/lib/gcc/x86_64-linux-gnu/12/../../../../include/x86_64-linux-gnu/c++/12"
ignoring duplicate directory "/usr/lib/gcc/x86_64-linux-gnu/12/../../../../include/c++/12/backward"
ignoring duplicate directory "/opt/rocm-5.7.3/llvm/lib/clang/17.0.0/include"
ignoring duplicate directory "/usr/local/include"
ignoring duplicate directory "/usr/include/x86_64-linux-gnu"
ignoring duplicate directory "/usr/include"
ignoring duplicate directory "/usr/local/include"
ignoring duplicate directory "/opt/rocm-5.7.3/llvm/lib/clang/17.0.0/include"
ignoring duplicate directory "/usr/include"
ignoring duplicate directory "/opt/rocm/include"
  as it is a non-system directory that duplicates a system directory
#include "..." search starts here:
#include <...> search starts here:
 /netsoft/gcc-13.2.0/hipfort/5.7.1/include
 /netsoft/gcc/13.2.0/include
 /usr/local/cuda-12.1/include
 /opt/rocm-5.7.3/llvm/lib/clang/17.0.0/include/cuda_wrappers
 /usr/lib/gcc/x86_64-linux-gnu/12/../../../../include/c++/12
 /usr/lib/gcc/x86_64-linux-gnu/12/../../../../include/x86_64-linux-gnu/c++/12
 /usr/lib/gcc/x86_64-linux-gnu/12/../../../../include/c++/12/backward
 /opt/rocm-5.7.3/llvm/lib/clang/17.0.0/include
 /usr/local/include
 /usr/include/x86_64-linux-gnu
 /usr/include
 /opt/rocm/include
End of search list.
 "/opt/rocm/llvm/bin/lld" -flavor gnu -m elf64_amdgpu --no-undefined -shared -plugin-opt=-amdgpu-internalize-symbols -plugin-opt=mcpu=gfx906 --whole-archive -o /tmp/CMakeHIPCompilerId-gfx906-96ca51.out /tmp/CMakeHIPCompilerId-gfx906-306fc5.o --no-whole-archive
 "/opt/rocm/llvm/bin/clang-offload-bundler" -type=o -bundle-align=4096 -targets=host-x86_64-unknown-linux,hipv4-amdgcn-amd-amdhsa--gfx906 -input=/dev/null -input=/tmp/CMakeHIPCompilerId-gfx906-96ca51.out -output=/tmp/CMakeHIPCompilerId-51c046.hipfb
 "/opt/rocm-5.7.3/llvm/bin/clang-17" -cc1 -triple x86_64-unknown-linux-gnu -aux-triple amdgcn-amd-amdhsa -emit-obj -mrelax-all -disable-free -clear-ast-before-backend -disable-llvm-verifier -discard-value-names -main-file-name CMakeHIPCompilerId.hip -mrelocation-model static -mframe-pointer=all -fmath-errno -fno-rounding-math -mconstructor-aliases -funwind-tables=2 -target-cpu x86-64 -tune-cpu generic -debugger-tuning=gdb -v -fcoverage-compilation-dir=/home/toby/Pelagos/Projects/Hipfort_Course/CMakeFiles/3.22.1/CompilerIdHIP -resource-dir /opt/rocm-5.7.3/llvm/lib/clang/17.0.0 -internal-isystem /opt/rocm-5.7.3/llvm/lib/clang/17.0.0/include/cuda_wrappers -idirafter /opt/rocm/include -include __clang_hip_runtime_wrapper.h -I/netsoft/gcc-13.2.0/hipfort/5.7.1/include -I/opt/rocm/include -I/netsoft/gcc/13.2.0/include -I/usr/local/cuda-12.1/include -internal-isystem /usr/lib/gcc/x86_64-linux-gnu/12/../../../../include/c++/12 -internal-isystem /usr/lib/gcc/x86_64-linux-gnu/12/../../../../include/x86_64-linux-gnu/c++/12 -internal-isystem /usr/lib/gcc/x86_64-linux-gnu/12/../../../../include/c++/12/backward -internal-isystem /usr/lib/gcc/x86_64-linux-gnu/12/../../../../include/c++/12 -internal-isystem /usr/lib/gcc/x86_64-linux-gnu/12/../../../../include/x86_64-linux-gnu/c++/12 -internal-isystem /usr/lib/gcc/x86_64-linux-gnu/12/../../../../include/c++/12/backward -internal-isystem /opt/rocm-5.7.3/llvm/lib/clang/17.0.0/include -internal-isystem /usr/local/include -internal-isystem /usr/lib/gcc/x86_64-linux-gnu/12/../../../../x86_64-linux-gnu/include -internal-externc-isystem /usr/include/x86_64-linux-gnu -internal-externc-isystem /include -internal-externc-isystem /usr/include -internal-isystem /opt/rocm-5.7.3/llvm/lib/clang/17.0.0/include -internal-isystem /usr/local/include -internal-isystem /usr/lib/gcc/x86_64-linux-gnu/12/../../../../x86_64-linux-gnu/include -internal-externc-isystem /usr/include/x86_64-linux-gnu -internal-externc-isystem /include -internal-externc-isystem /usr/include -fdeprecated-macro -fdebug-compilation-dir=/home/toby/Pelagos/Projects/Hipfort_Course/CMakeFiles/3.22.1/CompilerIdHIP -ferror-limit 19 -fhip-new-launch-api -fgnuc-version=4.2.1 -fcxx-exceptions -fexceptions -fcuda-include-gpubinary /tmp/CMakeHIPCompilerId-51c046.hipfb -cuid=344b9bea52a8c751 -fcuda-allow-variadic-functions -faddrsig -D__GCC_HAVE_DWARF2_CFI_ASM=1 -o /tmp/CMakeHIPCompilerId-24bdff.o -x hip CMakeHIPCompilerId.hip
clang -cc1 version 17.0.0 based upon LLVM 17.0.0git default target x86_64-unknown-linux-gnu
ignoring nonexistent directory "/usr/lib/gcc/x86_64-linux-gnu/12/../../../../x86_64-linux-gnu/include"
ignoring nonexistent directory "/include"
ignoring nonexistent directory "/usr/lib/gcc/x86_64-linux-gnu/12/../../../../x86_64-linux-gnu/include"
ignoring nonexistent directory "/include"
ignoring duplicate directory "/usr/lib/gcc/x86_64-linux-gnu/12/../../../../include/c++/12"
ignoring duplicate directory "/usr/lib/gcc/x86_64-linux-gnu/12/../../../../include/x86_64-linux-gnu/c++/12"
ignoring duplicate directory "/usr/lib/gcc/x86_64-linux-gnu/12/../../../../include/c++/12/backward"
ignoring duplicate directory "/opt/rocm-5.7.3/llvm/lib/clang/17.0.0/include"
ignoring duplicate directory "/usr/local/include"
ignoring duplicate directory "/usr/include/x86_64-linux-gnu"
ignoring duplicate directory "/usr/include"
ignoring duplicate directory "/opt/rocm/include"
  as it is a non-system directory that duplicates a system directory
#include "..." search starts here:
#include <...> search starts here:
 /netsoft/gcc-13.2.0/hipfort/5.7.1/include
 /netsoft/gcc/13.2.0/include
 /usr/local/cuda-12.1/include
 /opt/rocm-5.7.3/llvm/lib/clang/17.0.0/include/cuda_wrappers
 /usr/lib/gcc/x86_64-linux-gnu/12/../../../../include/c++/12
 /usr/lib/gcc/x86_64-linux-gnu/12/../../../../include/x86_64-linux-gnu/c++/12
 /usr/lib/gcc/x86_64-linux-gnu/12/../../../../include/c++/12/backward
 /opt/rocm-5.7.3/llvm/lib/clang/17.0.0/include
 /usr/local/include
 /usr/include/x86_64-linux-gnu
 /usr/include
 /opt/rocm/include
End of search list.
 "/opt/rocm/llvm/bin/ld.lld" -z relro --hash-style=gnu --eh-frame-hdr -m elf_x86_64 -dynamic-linker /lib64/ld-linux-x86-64.so.2 -o a.out /lib/x86_64-linux-gnu/crt1.o /lib/x86_64-linux-gnu/crti.o /opt/rocm-5.7.3/llvm/lib/clang/17.0.0/lib/linux/clang_rt.crtbegin-x86_64.o -L/usr/lib/gcc/x86_64-linux-gnu/12 -L/usr/lib/gcc/x86_64-linux-gnu/12/../../../../lib64 -L/lib/x86_64-linux-gnu -L/lib/../lib64 -L/usr/lib/x86_64-linux-gnu -L/usr/lib/../lib64 -L/lib -L/usr/lib -L/netsoft/gcc/13.2.0/lib64 /tmp/CMakeHIPCompilerId-24bdff.o -lstdc++ -lm /opt/rocm-5.7.3/llvm/lib/clang/17.0.0/lib/linux/libclang_rt.builtins-x86_64.a -lgcc_s -lc /opt/rocm-5.7.3/llvm/lib/clang/17.0.0/lib/linux/libclang_rt.builtins-x86_64.a -lgcc_s /opt/rocm-5.7.3/llvm/lib/clang/17.0.0/lib/linux/clang_rt.crtend-x86_64.o /lib/x86_64-linux-gnu/crtn.o


Compilation of the HIP compiler identification source "CMakeHIPCompilerId.hip" produced "a.out"

The HIP compiler identification is Clang, found in "/home/toby/Pelagos/Projects/Hipfort_Course/CMakeFiles/3.22.1/CompilerIdHIP/a.out"

Compiling the CXX compiler identification source file "CMakeCXXCompilerId.cpp" succeeded.
Compiler: /opt/rocm/llvm/bin/clang++ 
Build flags: 
Id flags:  

The output was:
0


Compilation of the CXX compiler identification source "CMakeCXXCompilerId.cpp" produced "a.out"

The CXX compiler identification is Clang, found in "/home/toby/Pelagos/Projects/Hipfort_Course/CMakeFiles/3.22.1/CompilerIdCXX/a.out"

Detecting Fortran compiler ABI info compiled with the following output:
Change Dir: /home/toby/Pelagos/Projects/Hipfort_Course/CMakeFiles/CMakeTmp

Run Build Command(s):/usr/bin/gmake -f Makefile cmTC_f6d9a/fast && /usr/bin/gmake  -f CMakeFiles/cmTC_f6d9a.dir/build.make CMakeFiles/cmTC_f6d9a.dir/build
gmake[1]: Entering directory '/home/toby/Pelagos/Projects/Hipfort_Course/CMakeFiles/CMakeTmp'
Building Fortran object CMakeFiles/cmTC_f6d9a.dir/CMakeFortranCompilerABI.F90.o
/netsoft/gcc-13.2.0/hipfort/5.7.1/bin/hipfc   -v -c /usr/share/cmake-3.22/Modules/CMakeFortranCompilerABI.F90 -o CMakeFiles/cmTC_f6d9a.dir/CMakeFortranCompilerABI.F90.o
/netsoft/gcc/13.2.0/bin/gfortran  -c -cpp -I/netsoft/gcc-13.2.0/hipfort/5.7.1/include/hipfort/amdgcn  /usr/share/cmake-3.22/Modules/CMakeFortranCompilerABI.F90   -o /home/toby/Pelagos/Projects/Hipfort_Course/CMakeFiles/CMakeTmp/CMakeFiles/cmTC_f6d9a.dir/CMakeFortranCompilerABI.F90.o
Linking Fortran executable cmTC_f6d9a
/usr/bin/cmake -E cmake_link_script CMakeFiles/cmTC_f6d9a.dir/link.txt --verbose=1
/netsoft/gcc-13.2.0/hipfort/5.7.1/bin/hipfc  -v CMakeFiles/cmTC_f6d9a.dir/CMakeFortranCompilerABI.F90.o -o cmTC_f6d9a 
/netsoft/gcc/13.2.0/bin/gfortran -cpp -I/netsoft/gcc-13.2.0/hipfort/5.7.1/include/hipfort/amdgcn  CMakeFiles/cmTC_f6d9a.dir/CMakeFortranCompilerABI.F90.o  -L/netsoft/gcc-13.2.0/hipfort/5.7.1/lib -lhipfort-amdgcn -L/opt/rocm/lib -lamdhip64 -Wl,-rpath=/opt/rocm/lib  -lstdc++ -o /home/toby/Pelagos/Projects/Hipfort_Course/CMakeFiles/CMakeTmp/cmTC_f6d9a
gmake[1]: Leaving directory '/home/toby/Pelagos/Projects/Hipfort_Course/CMakeFiles/CMakeTmp'



Parsed Fortran implicit include dir info from above output: rv=start
  warn: unable to parse implicit include dirs!


Parsed Fortran implicit link information from above output:
  link line regex: [^( *|.*[/\])(ld|CMAKE_LINK_STARTFILE-NOTFOUND|([^/\]+-)?ld|collect2)[^/\]*( |$)]
  ignore line: [Change Dir: /home/toby/Pelagos/Projects/Hipfort_Course/CMakeFiles/CMakeTmp]
  ignore line: []
  ignore line: [Run Build Command(s):/usr/bin/gmake -f Makefile cmTC_f6d9a/fast && /usr/bin/gmake  -f CMakeFiles/cmTC_f6d9a.dir/build.make CMakeFiles/cmTC_f6d9a.dir/build]
  ignore line: [gmake[1]: Entering directory '/home/toby/Pelagos/Projects/Hipfort_Course/CMakeFiles/CMakeTmp']
  ignore line: [Building Fortran object CMakeFiles/cmTC_f6d9a.dir/CMakeFortranCompilerABI.F90.o]
  ignore line: [/netsoft/gcc-13.2.0/hipfort/5.7.1/bin/hipfc   -v -c /usr/share/cmake-3.22/Modules/CMakeFortranCompilerABI.F90 -o CMakeFiles/cmTC_f6d9a.dir/CMakeFortranCompilerABI.F90.o]
  ignore line: [/netsoft/gcc/13.2.0/bin/gfortran  -c -cpp -I/netsoft/gcc-13.2.0/hipfort/5.7.1/include/hipfort/amdgcn  /usr/share/cmake-3.22/Modules/CMakeFortranCompilerABI.F90   -o /home/toby/Pelagos/Projects/Hipfort_Course/CMakeFiles/CMakeTmp/CMakeFiles/cmTC_f6d9a.dir/CMakeFortranCompilerABI.F90.o]
  ignore line: [Linking Fortran executable cmTC_f6d9a]
  ignore line: [/usr/bin/cmake -E cmake_link_script CMakeFiles/cmTC_f6d9a.dir/link.txt --verbose=1]
  ignore line: [/netsoft/gcc-13.2.0/hipfort/5.7.1/bin/hipfc  -v CMakeFiles/cmTC_f6d9a.dir/CMakeFortranCompilerABI.F90.o -o cmTC_f6d9a ]
  ignore line: [/netsoft/gcc/13.2.0/bin/gfortran -cpp -I/netsoft/gcc-13.2.0/hipfort/5.7.1/include/hipfort/amdgcn  CMakeFiles/cmTC_f6d9a.dir/CMakeFortranCompilerABI.F90.o  -L/netsoft/gcc-13.2.0/hipfort/5.7.1/lib -lhipfort-amdgcn -L/opt/rocm/lib -lamdhip64 -Wl -rpath=/opt/rocm/lib  -lstdc++ -o /home/toby/Pelagos/Projects/Hipfort_Course/CMakeFiles/CMakeTmp/cmTC_f6d9a]
  ignore line: [gmake[1]: Leaving directory '/home/toby/Pelagos/Projects/Hipfort_Course/CMakeFiles/CMakeTmp']
  ignore line: []
  ignore line: []
  implicit libs: []
  implicit objs: []
  implicit dirs: []
  implicit fwks: []


Detecting HIP compiler ABI info compiled with the following output:
Change Dir: /home/toby/Pelagos/Projects/Hipfort_Course/CMakeFiles/CMakeTmp

Run Build Command(s):/usr/bin/gmake -f Makefile cmTC_2b056/fast && /usr/bin/gmake  -f CMakeFiles/cmTC_2b056.dir/build.make CMakeFiles/cmTC_2b056.dir/build
gmake[1]: Entering directory '/home/toby/Pelagos/Projects/Hipfort_Course/CMakeFiles/CMakeTmp'
Building HIP object CMakeFiles/cmTC_2b056.dir/CMakeHIPCompilerABI.hip.o
/opt/rocm/llvm/bin/clang++ -D__HIP_ROCclr__=1 -isystem /opt/rocm-5.7.3/include --cuda-host-only  --offload-arch=gfx1035   -v -mllvm -amdgpu-early-inline-all=true -mllvm -amdgpu-function-calls=false -o CMakeFiles/cmTC_2b056.dir/CMakeHIPCompilerABI.hip.o -x hip -c /usr/share/cmake-3.22/Modules/CMakeHIPCompilerABI.hip
AMD clang version 17.0.0 (https://github.com/RadeonOpenCompute/llvm-project roc-5.7.3 23382 f3e174a1d286158c06e4cc8276366b1d4bc0c914)
Target: x86_64-unknown-linux-gnu
Thread model: posix
InstalledDir: /opt/rocm/llvm/bin
Found candidate GCC installation: /usr/lib/gcc/x86_64-linux-gnu/11
Found candidate GCC installation: /usr/lib/gcc/x86_64-linux-gnu/12
Selected GCC installation: /usr/lib/gcc/x86_64-linux-gnu/12
Candidate multilib: .;@m64
Candidate multilib: 32;@m32
Selected multilib: .;@m64
Found CUDA installation: /usr/local/cuda-12.1, version 
Found HIP installation: /opt/rocm, version 5.7.31921
 (in-process)
 "/opt/rocm-5.7.3/llvm/bin/clang-17" -cc1 -triple x86_64-unknown-linux-gnu -aux-triple amdgcn-amd-amdhsa -emit-obj -mrelax-all -disable-free -clear-ast-before-backend -disable-llvm-verifier -discard-value-names -main-file-name CMakeHIPCompilerABI.hip -mrelocation-model static -mframe-pointer=all -fmath-errno -fno-rounding-math -mconstructor-aliases -funwind-tables=2 -target-cpu x86-64 -tune-cpu generic -debugger-tuning=gdb -v -fcoverage-compilation-dir=/home/toby/Pelagos/Projects/Hipfort_Course/CMakeFiles/CMakeTmp -resource-dir /opt/rocm-5.7.3/llvm/lib/clang/17.0.0 -internal-isystem /opt/rocm-5.7.3/llvm/lib/clang/17.0.0/include/cuda_wrappers -idirafter /opt/rocm/include -include __clang_hip_runtime_wrapper.h -isystem /opt/rocm-5.7.3/include -D __HIP_ROCclr__=1 -I/netsoft/gcc-13.2.0/hipfort/5.7.1/include -I/opt/rocm/include -I/netsoft/gcc/13.2.0/include -I/usr/local/cuda-12.1/include -internal-isystem /usr/lib/gcc/x86_64-linux-gnu/12/../../../../include/c++/12 -internal-isystem /usr/lib/gcc/x86_64-linux-gnu/12/../../../../include/x86_64-linux-gnu/c++/12 -internal-isystem /usr/lib/gcc/x86_64-linux-gnu/12/../../../../include/c++/12/backward -internal-isystem /usr/lib/gcc/x86_64-linux-gnu/12/../../../../include/c++/12 -internal-isystem /usr/lib/gcc/x86_64-linux-gnu/12/../../../../include/x86_64-linux-gnu/c++/12 -internal-isystem /usr/lib/gcc/x86_64-linux-gnu/12/../../../../include/c++/12/backward -internal-isystem /opt/rocm-5.7.3/llvm/lib/clang/17.0.0/include -internal-isystem /usr/local/include -internal-isystem /usr/lib/gcc/x86_64-linux-gnu/12/../../../../x86_64-linux-gnu/include -internal-externc-isystem /usr/include/x86_64-linux-gnu -internal-externc-isystem /include -internal-externc-isystem /usr/include -internal-isystem /opt/rocm-5.7.3/llvm/lib/clang/17.0.0/include -internal-isystem /usr/local/include -internal-isystem /usr/lib/gcc/x86_64-linux-gnu/12/../../../../x86_64-linux-gnu/include -internal-externc-isystem /usr/include/x86_64-linux-gnu -internal-externc-isystem /include -internal-externc-isystem /usr/include -fdeprecated-macro -fdebug-compilation-dir=/home/toby/Pelagos/Projects/Hipfort_Course/CMakeFiles/CMakeTmp -ferror-limit 19 -fhip-new-launch-api -fgnuc-version=4.2.1 -fcxx-exceptions -fexceptions -mllvm -amdgpu-early-inline-all=true -mllvm -amdgpu-function-calls=false -fcuda-allow-variadic-functions -faddrsig -D__GCC_HAVE_DWARF2_CFI_ASM=1 -o CMakeFiles/cmTC_2b056.dir/CMakeHIPCompilerABI.hip.o -x hip /usr/share/cmake-3.22/Modules/CMakeHIPCompilerABI.hip
clang -cc1 version 17.0.0 based upon LLVM 17.0.0git default target x86_64-unknown-linux-gnu
ignoring nonexistent directory "/usr/lib/gcc/x86_64-linux-gnu/12/../../../../x86_64-linux-gnu/include"
ignoring nonexistent directory "/include"
ignoring nonexistent directory "/usr/lib/gcc/x86_64-linux-gnu/12/../../../../x86_64-linux-gnu/include"
ignoring nonexistent directory "/include"
ignoring duplicate directory "/opt/rocm/include"
  as it is a non-system directory that duplicates a system directory
ignoring duplicate directory "/usr/lib/gcc/x86_64-linux-gnu/12/../../../../include/c++/12"
ignoring duplicate directory "/usr/lib/gcc/x86_64-linux-gnu/12/../../../../include/x86_64-linux-gnu/c++/12"
ignoring duplicate directory "/usr/lib/gcc/x86_64-linux-gnu/12/../../../../include/c++/12/backward"
ignoring duplicate directory "/opt/rocm-5.7.3/llvm/lib/clang/17.0.0/include"
ignoring duplicate directory "/usr/local/include"
ignoring duplicate directory "/usr/include/x86_64-linux-gnu"
ignoring duplicate directory "/usr/include"
ignoring duplicate directory "/opt/rocm/include"
#include "..." search starts here:
#include <...> search starts here:
 /netsoft/gcc-13.2.0/hipfort/5.7.1/include
 /netsoft/gcc/13.2.0/include
 /usr/local/cuda-12.1/include
 /opt/rocm/include
 /opt/rocm-5.7.3/llvm/lib/clang/17.0.0/include/cuda_wrappers
 /usr/lib/gcc/x86_64-linux-gnu/12/../../../../include/c++/12
 /usr/lib/gcc/x86_64-linux-gnu/12/../../../../include/x86_64-linux-gnu/c++/12
 /usr/lib/gcc/x86_64-linux-gnu/12/../../../../include/c++/12/backward
 /opt/rocm-5.7.3/llvm/lib/clang/17.0.0/include
 /usr/local/include
 /usr/include/x86_64-linux-gnu
 /usr/include
End of search list.
Linking HIP executable cmTC_2b056
/usr/bin/cmake -E cmake_link_script CMakeFiles/cmTC_2b056.dir/link.txt --verbose=1
/opt/rocm/llvm/bin/clang++  --cuda-host-only  --offload-arch=gfx1035  -v --hip-link --rtlib=compiler-rt -unwindlib=libgcc CMakeFiles/cmTC_2b056.dir/CMakeHIPCompilerABI.hip.o -o cmTC_2b056  /opt/rocm/lib/libamdhip64.so.5.7.50703 
AMD clang version 17.0.0 (https://github.com/RadeonOpenCompute/llvm-project roc-5.7.3 23382 f3e174a1d286158c06e4cc8276366b1d4bc0c914)
Target: x86_64-unknown-linux-gnu
Thread model: posix
InstalledDir: /opt/rocm/llvm/bin
Found candidate GCC installation: /usr/lib/gcc/x86_64-linux-gnu/11
Found candidate GCC installation: /usr/lib/gcc/x86_64-linux-gnu/12
Selected GCC installation: /usr/lib/gcc/x86_64-linux-gnu/12
Candidate multilib: .;@m64
Candidate multilib: 32;@m32
Selected multilib: .;@m64
Found CUDA installation: /usr/local/cuda-12.1, version 
Found HIP installation: /opt/rocm, version 5.7.31921
 "/opt/rocm/llvm/bin/ld.lld" -z relro --hash-style=gnu --eh-frame-hdr -m elf_x86_64 -dynamic-linker /lib64/ld-linux-x86-64.so.2 -o cmTC_2b056 /lib/x86_64-linux-gnu/crt1.o /lib/x86_64-linux-gnu/crti.o /opt/rocm-5.7.3/llvm/lib/clang/17.0.0/lib/linux/clang_rt.crtbegin-x86_64.o -L/usr/lib/gcc/x86_64-linux-gnu/12 -L/usr/lib/gcc/x86_64-linux-gnu/12/../../../../lib64 -L/lib/x86_64-linux-gnu -L/lib/../lib64 -L/usr/lib/x86_64-linux-gnu -L/usr/lib/../lib64 -L/lib -L/usr/lib -L/netsoft/gcc/13.2.0/lib64 CMakeFiles/cmTC_2b056.dir/CMakeHIPCompilerABI.hip.o /opt/rocm/lib/libamdhip64.so.5.7.50703 -L/opt/rocm/lib -rpath /opt/rocm/lib -lamdhip64 -lstdc++ -lm /opt/rocm-5.7.3/llvm/lib/clang/17.0.0/lib/linux/libclang_rt.builtins-x86_64.a -lgcc_s -lc /opt/rocm-5.7.3/llvm/lib/clang/17.0.0/lib/linux/libclang_rt.builtins-x86_64.a -lgcc_s /opt/rocm-5.7.3/llvm/lib/clang/17.0.0/lib/linux/clang_rt.crtend-x86_64.o /lib/x86_64-linux-gnu/crtn.o
gmake[1]: Leaving directory '/home/toby/Pelagos/Projects/Hipfort_Course/CMakeFiles/CMakeTmp'



Parsed HIP implicit include dir info from above output: rv=done
  found start of include info
  found start of implicit include info
    add: [/netsoft/gcc-13.2.0/hipfort/5.7.1/include]
    add: [/netsoft/gcc/13.2.0/include]
    add: [/usr/local/cuda-12.1/include]
    add: [/opt/rocm/include]
    add: [/opt/rocm-5.7.3/llvm/lib/clang/17.0.0/include/cuda_wrappers]
    add: [/usr/lib/gcc/x86_64-linux-gnu/12/../../../../include/c++/12]
    add: [/usr/lib/gcc/x86_64-linux-gnu/12/../../../../include/x86_64-linux-gnu/c++/12]
    add: [/usr/lib/gcc/x86_64-linux-gnu/12/../../../../include/c++/12/backward]
    add: [/opt/rocm-5.7.3/llvm/lib/clang/17.0.0/include]
    add: [/usr/local/include]
    add: [/usr/include/x86_64-linux-gnu]
    add: [/usr/include]
  end of search list found
  collapse include dir [/netsoft/gcc-13.2.0/hipfort/5.7.1/include] ==> [/netsoft/gcc-13.2.0/hipfort/5.7.1/include]
  collapse include dir [/netsoft/gcc/13.2.0/include] ==> [/netsoft/gcc/13.2.0/include]
  collapse include dir [/usr/local/cuda-12.1/include] ==> [/usr/local/cuda-12.1/include]
  collapse include dir [/opt/rocm/include] ==> [/opt/rocm/include]
  collapse include dir [/opt/rocm-5.7.3/llvm/lib/clang/17.0.0/include/cuda_wrappers] ==> [/opt/rocm-5.7.3/llvm/lib/clang/17.0.0/include/cuda_wrappers]
  collapse include dir [/usr/lib/gcc/x86_64-linux-gnu/12/../../../../include/c++/12] ==> [/usr/include/c++/12]
  collapse include dir [/usr/lib/gcc/x86_64-linux-gnu/12/../../../../include/x86_64-linux-gnu/c++/12] ==> [/usr/include/x86_64-linux-gnu/c++/12]
  collapse include dir [/usr/lib/gcc/x86_64-linux-gnu/12/../../../../include/c++/12/backward] ==> [/usr/include/c++/12/backward]
  collapse include dir [/opt/rocm-5.7.3/llvm/lib/clang/17.0.0/include] ==> [/opt/rocm-5.7.3/llvm/lib/clang/17.0.0/include]
  collapse include dir [/usr/local/include] ==> [/usr/local/include]
  collapse include dir [/usr/include/x86_64-linux-gnu] ==> [/usr/include/x86_64-linux-gnu]
  collapse include dir [/usr/include] ==> [/usr/include]
  implicit include dirs: [/netsoft/gcc-13.2.0/hipfort/5.7.1/include;/netsoft/gcc/13.2.0/include;/usr/local/cuda-12.1/include;/opt/rocm/include;/opt/rocm-5.7.3/llvm/lib/clang/17.0.0/include/cuda_wrappers;/usr/include/c++/12;/usr/include/x86_64-linux-gnu/c++/12;/usr/include/c++/12/backward;/opt/rocm-5.7.3/llvm/lib/clang/17.0.0/include;/usr/local/include;/usr/include/x86_64-linux-gnu;/usr/include]


Parsed HIP implicit link information from above output:
  link line regex: [^( *|.*[/\])(ld|CMAKE_LINK_STARTFILE-NOTFOUND|([^/\]+-)?ld|collect2)[^/\]*( |$)]
  ignore line: [Change Dir: /home/toby/Pelagos/Projects/Hipfort_Course/CMakeFiles/CMakeTmp]
  ignore line: []
  ignore line: [Run Build Command(s):/usr/bin/gmake -f Makefile cmTC_2b056/fast && /usr/bin/gmake  -f CMakeFiles/cmTC_2b056.dir/build.make CMakeFiles/cmTC_2b056.dir/build]
  ignore line: [gmake[1]: Entering directory '/home/toby/Pelagos/Projects/Hipfort_Course/CMakeFiles/CMakeTmp']
  ignore line: [Building HIP object CMakeFiles/cmTC_2b056.dir/CMakeHIPCompilerABI.hip.o]
  ignore line: [/opt/rocm/llvm/bin/clang++ -D__HIP_ROCclr__=1 -isystem /opt/rocm-5.7.3/include --cuda-host-only  --offload-arch=gfx1035   -v -mllvm -amdgpu-early-inline-all=true -mllvm -amdgpu-function-calls=false -o CMakeFiles/cmTC_2b056.dir/CMakeHIPCompilerABI.hip.o -x hip -c /usr/share/cmake-3.22/Modules/CMakeHIPCompilerABI.hip]
  ignore line: [AMD clang version 17.0.0 (https://github.com/RadeonOpenCompute/llvm-project roc-5.7.3 23382 f3e174a1d286158c06e4cc8276366b1d4bc0c914)]
  ignore line: [Target: x86_64-unknown-linux-gnu]
  ignore line: [Thread model: posix]
  ignore line: [InstalledDir: /opt/rocm/llvm/bin]
  ignore line: [Found candidate GCC installation: /usr/lib/gcc/x86_64-linux-gnu/11]
  ignore line: [Found candidate GCC installation: /usr/lib/gcc/x86_64-linux-gnu/12]
  ignore line: [Selected GCC installation: /usr/lib/gcc/x86_64-linux-gnu/12]
  ignore line: [Candidate multilib: .]
  ignore line: [@m64]
  ignore line: [Candidate multilib: 32]
  ignore line: [@m32]
  ignore line: [Selected multilib: .]
  ignore line: [@m64]
  ignore line: [Found CUDA installation: /usr/local/cuda-12.1  version ]
  ignore line: [Found HIP installation: /opt/rocm  version 5.7.31921]
  ignore line: [ (in-process)]
  ignore line: [ "/opt/rocm-5.7.3/llvm/bin/clang-17" -cc1 -triple x86_64-unknown-linux-gnu -aux-triple amdgcn-amd-amdhsa -emit-obj -mrelax-all -disable-free -clear-ast-before-backend -disable-llvm-verifier -discard-value-names -main-file-name CMakeHIPCompilerABI.hip -mrelocation-model static -mframe-pointer=all -fmath-errno -fno-rounding-math -mconstructor-aliases -funwind-tables=2 -target-cpu x86-64 -tune-cpu generic -debugger-tuning=gdb -v -fcoverage-compilation-dir=/home/toby/Pelagos/Projects/Hipfort_Course/CMakeFiles/CMakeTmp -resource-dir /opt/rocm-5.7.3/llvm/lib/clang/17.0.0 -internal-isystem /opt/rocm-5.7.3/llvm/lib/clang/17.0.0/include/cuda_wrappers -idirafter /opt/rocm/include -include __clang_hip_runtime_wrapper.h -isystem /opt/rocm-5.7.3/include -D __HIP_ROCclr__=1 -I/netsoft/gcc-13.2.0/hipfort/5.7.1/include -I/opt/rocm/include -I/netsoft/gcc/13.2.0/include -I/usr/local/cuda-12.1/include -internal-isystem /usr/lib/gcc/x86_64-linux-gnu/12/../../../../include/c++/12 -internal-isystem /usr/lib/gcc/x86_64-linux-gnu/12/../../../../include/x86_64-linux-gnu/c++/12 -internal-isystem /usr/lib/gcc/x86_64-linux-gnu/12/../../../../include/c++/12/backward -internal-isystem /usr/lib/gcc/x86_64-linux-gnu/12/../../../../include/c++/12 -internal-isystem /usr/lib/gcc/x86_64-linux-gnu/12/../../../../include/x86_64-linux-gnu/c++/12 -internal-isystem /usr/lib/gcc/x86_64-linux-gnu/12/../../../../include/c++/12/backward -internal-isystem /opt/rocm-5.7.3/llvm/lib/clang/17.0.0/include -internal-isystem /usr/local/include -internal-isystem /usr/lib/gcc/x86_64-linux-gnu/12/../../../../x86_64-linux-gnu/include -internal-externc-isystem /usr/include/x86_64-linux-gnu -internal-externc-isystem /include -internal-externc-isystem /usr/include -internal-isystem /opt/rocm-5.7.3/llvm/lib/clang/17.0.0/include -internal-isystem /usr/local/include -internal-isystem /usr/lib/gcc/x86_64-linux-gnu/12/../../../../x86_64-linux-gnu/include -internal-externc-isystem /usr/include/x86_64-linux-gnu -internal-externc-isystem /include -internal-externc-isystem /usr/include -fdeprecated-macro -fdebug-compilation-dir=/home/toby/Pelagos/Projects/Hipfort_Course/CMakeFiles/CMakeTmp -ferror-limit 19 -fhip-new-launch-api -fgnuc-version=4.2.1 -fcxx-exceptions -fexceptions -mllvm -amdgpu-early-inline-all=true -mllvm -amdgpu-function-calls=false -fcuda-allow-variadic-functions -faddrsig -D__GCC_HAVE_DWARF2_CFI_ASM=1 -o CMakeFiles/cmTC_2b056.dir/CMakeHIPCompilerABI.hip.o -x hip /usr/share/cmake-3.22/Modules/CMakeHIPCompilerABI.hip]
  ignore line: [clang -cc1 version 17.0.0 based upon LLVM 17.0.0git default target x86_64-unknown-linux-gnu]
  ignore line: [ignoring nonexistent directory "/usr/lib/gcc/x86_64-linux-gnu/12/../../../../x86_64-linux-gnu/include"]
  ignore line: [ignoring nonexistent directory "/include"]
  ignore line: [ignoring nonexistent directory "/usr/lib/gcc/x86_64-linux-gnu/12/../../../../x86_64-linux-gnu/include"]
  ignore line: [ignoring nonexistent directory "/include"]
  ignore line: [ignoring duplicate directory "/opt/rocm/include"]
  ignore line: [  as it is a non-system directory that duplicates a system directory]
  ignore line: [ignoring duplicate directory "/usr/lib/gcc/x86_64-linux-gnu/12/../../../../include/c++/12"]
  ignore line: [ignoring duplicate directory "/usr/lib/gcc/x86_64-linux-gnu/12/../../../../include/x86_64-linux-gnu/c++/12"]
  ignore line: [ignoring duplicate directory "/usr/lib/gcc/x86_64-linux-gnu/12/../../../../include/c++/12/backward"]
  ignore line: [ignoring duplicate directory "/opt/rocm-5.7.3/llvm/lib/clang/17.0.0/include"]
  ignore line: [ignoring duplicate directory "/usr/local/include"]
  ignore line: [ignoring duplicate directory "/usr/include/x86_64-linux-gnu"]
  ignore line: [ignoring duplicate directory "/usr/include"]
  ignore line: [ignoring duplicate directory "/opt/rocm/include"]
  ignore line: [#include "..." search starts here:]
  ignore line: [#include <...> search starts here:]
  ignore line: [ /netsoft/gcc-13.2.0/hipfort/5.7.1/include]
  ignore line: [ /netsoft/gcc/13.2.0/include]
  ignore line: [ /usr/local/cuda-12.1/include]
  ignore line: [ /opt/rocm/include]
  ignore line: [ /opt/rocm-5.7.3/llvm/lib/clang/17.0.0/include/cuda_wrappers]
  ignore line: [ /usr/lib/gcc/x86_64-linux-gnu/12/../../../../include/c++/12]
  ignore line: [ /usr/lib/gcc/x86_64-linux-gnu/12/../../../../include/x86_64-linux-gnu/c++/12]
  ignore line: [ /usr/lib/gcc/x86_64-linux-gnu/12/../../../../include/c++/12/backward]
  ignore line: [ /opt/rocm-5.7.3/llvm/lib/clang/17.0.0/include]
  ignore line: [ /usr/local/include]
  ignore line: [ /usr/include/x86_64-linux-gnu]
  ignore line: [ /usr/include]
  ignore line: [End of search list.]
  ignore line: [Linking HIP executable cmTC_2b056]
  ignore line: [/usr/bin/cmake -E cmake_link_script CMakeFiles/cmTC_2b056.dir/link.txt --verbose=1]
  ignore line: [/opt/rocm/llvm/bin/clang++  --cuda-host-only  --offload-arch=gfx1035  -v --hip-link --rtlib=compiler-rt -unwindlib=libgcc CMakeFiles/cmTC_2b056.dir/CMakeHIPCompilerABI.hip.o -o cmTC_2b056  /opt/rocm/lib/libamdhip64.so.5.7.50703 ]
  ignore line: [AMD clang version 17.0.0 (https://github.com/RadeonOpenCompute/llvm-project roc-5.7.3 23382 f3e174a1d286158c06e4cc8276366b1d4bc0c914)]
  ignore line: [Target: x86_64-unknown-linux-gnu]
  ignore line: [Thread model: posix]
  ignore line: [InstalledDir: /opt/rocm/llvm/bin]
  ignore line: [Found candidate GCC installation: /usr/lib/gcc/x86_64-linux-gnu/11]
  ignore line: [Found candidate GCC installation: /usr/lib/gcc/x86_64-linux-gnu/12]
  ignore line: [Selected GCC installation: /usr/lib/gcc/x86_64-linux-gnu/12]
  ignore line: [Candidate multilib: .]
  ignore line: [@m64]
  ignore line: [Candidate multilib: 32]
  ignore line: [@m32]
  ignore line: [Selected multilib: .]
  ignore line: [@m64]
  ignore line: [Found CUDA installation: /usr/local/cuda-12.1  version ]
  ignore line: [Found HIP installation: /opt/rocm  version 5.7.31921]
  link line: [ "/opt/rocm/llvm/bin/ld.lld" -z relro --hash-style=gnu --eh-frame-hdr -m elf_x86_64 -dynamic-linker /lib64/ld-linux-x86-64.so.2 -o cmTC_2b056 /lib/x86_64-linux-gnu/crt1.o /lib/x86_64-linux-gnu/crti.o /opt/rocm-5.7.3/llvm/lib/clang/17.0.0/lib/linux/clang_rt.crtbegin-x86_64.o -L/usr/lib/gcc/x86_64-linux-gnu/12 -L/usr/lib/gcc/x86_64-linux-gnu/12/../../../../lib64 -L/lib/x86_64-linux-gnu -L/lib/../lib64 -L/usr/lib/x86_64-linux-gnu -L/usr/lib/../lib64 -L/lib -L/usr/lib -L/netsoft/gcc/13.2.0/lib64 CMakeFiles/cmTC_2b056.dir/CMakeHIPCompilerABI.hip.o /opt/rocm/lib/libamdhip64.so.5.7.50703 -L/opt/rocm/lib -rpath /opt/rocm/lib -lamdhip64 -lstdc++ -lm /opt/rocm-5.7.3/llvm/lib/clang/17.0.0/lib/linux/libclang_rt.builtins-x86_64.a -lgcc_s -lc /opt/rocm-5.7.3/llvm/lib/clang/17.0.0/lib/linux/libclang_rt.builtins-x86_64.a -lgcc_s /opt/rocm-5.7.3/llvm/lib/clang/17.0.0/lib/linux/clang_rt.crtend-x86_64.o /lib/x86_64-linux-gnu/crtn.o]
    arg [/opt/rocm/llvm/bin/ld.lld] ==> ignore
    arg [-zrelro] ==> ignore
    arg [--hash-style=gnu] ==> ignore
    arg [--eh-frame-hdr] ==> ignore
    arg [-m] ==> ignore
    arg [elf_x86_64] ==> ignore
    arg [-dynamic-linker] ==> ignore
    arg [/lib64/ld-linux-x86-64.so.2] ==> ignore
    arg [-o] ==> ignore
    arg [cmTC_2b056] ==> ignore
    arg [/lib/x86_64-linux-gnu/crt1.o] ==> obj [/lib/x86_64-linux-gnu/crt1.o]
    arg [/lib/x86_64-linux-gnu/crti.o] ==> obj [/lib/x86_64-linux-gnu/crti.o]
    arg [/opt/rocm-5.7.3/llvm/lib/clang/17.0.0/lib/linux/clang_rt.crtbegin-x86_64.o] ==> obj [/opt/rocm-5.7.3/llvm/lib/clang/17.0.0/lib/linux/clang_rt.crtbegin-x86_64.o]
    arg [-L/usr/lib/gcc/x86_64-linux-gnu/12] ==> dir [/usr/lib/gcc/x86_64-linux-gnu/12]
    arg [-L/usr/lib/gcc/x86_64-linux-gnu/12/../../../../lib64] ==> dir [/usr/lib/gcc/x86_64-linux-gnu/12/../../../../lib64]
    arg [-L/lib/x86_64-linux-gnu] ==> dir [/lib/x86_64-linux-gnu]
    arg [-L/lib/../lib64] ==> dir [/lib/../lib64]
    arg [-L/usr/lib/x86_64-linux-gnu] ==> dir [/usr/lib/x86_64-linux-gnu]
    arg [-L/usr/lib/../lib64] ==> dir [/usr/lib/../lib64]
    arg [-L/lib] ==> dir [/lib]
    arg [-L/usr/lib] ==> dir [/usr/lib]
    arg [-L/netsoft/gcc/13.2.0/lib64] ==> dir [/netsoft/gcc/13.2.0/lib64]
    arg [CMakeFiles/cmTC_2b056.dir/CMakeHIPCompilerABI.hip.o] ==> ignore
    arg [/opt/rocm/lib/libamdhip64.so.5.7.50703] ==> ignore
    arg [-L/opt/rocm/lib] ==> dir [/opt/rocm/lib]
    arg [-rpath] ==> ignore
    arg [/opt/rocm/lib] ==> ignore
    arg [-lamdhip64] ==> lib [amdhip64]
    arg [-lstdc++] ==> lib [stdc++]
    arg [-lm] ==> lib [m]
    arg [/opt/rocm-5.7.3/llvm/lib/clang/17.0.0/lib/linux/libclang_rt.builtins-x86_64.a] ==> lib [/opt/rocm-5.7.3/llvm/lib/clang/17.0.0/lib/linux/libclang_rt.builtins-x86_64.a]
    arg [-lgcc_s] ==> lib [gcc_s]
    arg [-lc] ==> lib [c]
    arg [/opt/rocm-5.7.3/llvm/lib/clang/17.0.0/lib/linux/libclang_rt.builtins-x86_64.a] ==> lib [/opt/rocm-5.7.3/llvm/lib/clang/17.0.0/lib/linux/libclang_rt.builtins-x86_64.a]
    arg [-lgcc_s] ==> lib [gcc_s]
    arg [/opt/rocm-5.7.3/llvm/lib/clang/17.0.0/lib/linux/clang_rt.crtend-x86_64.o] ==> obj [/opt/rocm-5.7.3/llvm/lib/clang/17.0.0/lib/linux/clang_rt.crtend-x86_64.o]
    arg [/lib/x86_64-linux-gnu/crtn.o] ==> obj [/lib/x86_64-linux-gnu/crtn.o]
  remove lib [/opt/rocm-5.7.3/llvm/lib/clang/17.0.0/lib/linux/libclang_rt.builtins-x86_64.a]
  remove lib [/opt/rocm-5.7.3/llvm/lib/clang/17.0.0/lib/linux/libclang_rt.builtins-x86_64.a]
  collapse library dir [/usr/lib/gcc/x86_64-linux-gnu/12] ==> [/usr/lib/gcc/x86_64-linux-gnu/12]
  collapse library dir [/usr/lib/gcc/x86_64-linux-gnu/12/../../../../lib64] ==> [/usr/lib64]
  collapse library dir [/lib/x86_64-linux-gnu] ==> [/lib/x86_64-linux-gnu]
  collapse library dir [/lib/../lib64] ==> [/lib64]
  collapse library dir [/usr/lib/x86_64-linux-gnu] ==> [/usr/lib/x86_64-linux-gnu]
  collapse library dir [/usr/lib/../lib64] ==> [/usr/lib64]
  collapse library dir [/lib] ==> [/lib]
  collapse library dir [/usr/lib] ==> [/usr/lib]
  collapse library dir [/netsoft/gcc/13.2.0/lib64] ==> [/netsoft/gcc/13.2.0/lib64]
  collapse library dir [/opt/rocm/lib] ==> [/opt/rocm/lib]
  implicit libs: [amdhip64;stdc++;m;gcc_s;c;gcc_s]
  implicit objs: [/lib/x86_64-linux-gnu/crt1.o;/lib/x86_64-linux-gnu/crti.o;/opt/rocm-5.7.3/llvm/lib/clang/17.0.0/lib/linux/clang_rt.crtbegin-x86_64.o;/opt/rocm-5.7.3/llvm/lib/clang/17.0.0/lib/linux/clang_rt.crtend-x86_64.o;/lib/x86_64-linux-gnu/crtn.o]
  implicit dirs: [/usr/lib/gcc/x86_64-linux-gnu/12;/usr/lib64;/lib/x86_64-linux-gnu;/lib64;/usr/lib/x86_64-linux-gnu;/lib;/usr/lib;/netsoft/gcc/13.2.0/lib64;/opt/rocm/lib]
  implicit fwks: []


Detecting CXX compiler ABI info compiled with the following output:
Change Dir: /home/toby/Pelagos/Projects/Hipfort_Course/CMakeFiles/CMakeTmp

Run Build Command(s):/usr/bin/gmake -f Makefile cmTC_06830/fast && /usr/bin/gmake  -f CMakeFiles/cmTC_06830.dir/build.make CMakeFiles/cmTC_06830.dir/build
gmake[1]: Entering directory '/home/toby/Pelagos/Projects/Hipfort_Course/CMakeFiles/CMakeTmp'
Building CXX object CMakeFiles/cmTC_06830.dir/CMakeCXXCompilerABI.cpp.o
/opt/rocm/llvm/bin/clang++   -v -MD -MT CMakeFiles/cmTC_06830.dir/CMakeCXXCompilerABI.cpp.o -MF CMakeFiles/cmTC_06830.dir/CMakeCXXCompilerABI.cpp.o.d -o CMakeFiles/cmTC_06830.dir/CMakeCXXCompilerABI.cpp.o -c /usr/share/cmake-3.22/Modules/CMakeCXXCompilerABI.cpp
AMD clang version 17.0.0 (https://github.com/RadeonOpenCompute/llvm-project roc-5.7.3 23382 f3e174a1d286158c06e4cc8276366b1d4bc0c914)
Target: x86_64-unknown-linux-gnu
Thread model: posix
InstalledDir: /opt/rocm/llvm/bin
Found candidate GCC installation: /usr/lib/gcc/x86_64-linux-gnu/11
Found candidate GCC installation: /usr/lib/gcc/x86_64-linux-gnu/12
Selected GCC installation: /usr/lib/gcc/x86_64-linux-gnu/12
Candidate multilib: .;@m64
Candidate multilib: 32;@m32
Selected multilib: .;@m64
Found CUDA installation: /usr/local/cuda-12.1, version 
Found HIP installation: /opt/rocm, version 5.7.31921
 (in-process)
 "/opt/rocm-5.7.3/llvm/bin/clang-17" -cc1 -triple x86_64-unknown-linux-gnu -emit-obj -mrelax-all -disable-free -clear-ast-before-backend -disable-llvm-verifier -discard-value-names -main-file-name CMakeCXXCompilerABI.cpp -mrelocation-model static -mframe-pointer=all -fmath-errno -ffp-contract=on -fno-rounding-math -mconstructor-aliases -funwind-tables=2 -target-cpu x86-64 -tune-cpu generic -debugger-tuning=gdb -v -fcoverage-compilation-dir=/home/toby/Pelagos/Projects/Hipfort_Course/CMakeFiles/CMakeTmp -resource-dir /opt/rocm-5.7.3/llvm/lib/clang/17.0.0 -dependency-file CMakeFiles/cmTC_06830.dir/CMakeCXXCompilerABI.cpp.o.d -MT CMakeFiles/cmTC_06830.dir/CMakeCXXCompilerABI.cpp.o -sys-header-deps -I/netsoft/gcc-13.2.0/hipfort/5.7.1/include -I/opt/rocm/include -I/netsoft/gcc/13.2.0/include -I/usr/local/cuda-12.1/include -internal-isystem /usr/lib/gcc/x86_64-linux-gnu/12/../../../../include/c++/12 -internal-isystem /usr/lib/gcc/x86_64-linux-gnu/12/../../../../include/x86_64-linux-gnu/c++/12 -internal-isystem /usr/lib/gcc/x86_64-linux-gnu/12/../../../../include/c++/12/backward -internal-isystem /opt/rocm-5.7.3/llvm/lib/clang/17.0.0/include -internal-isystem /usr/local/include -internal-isystem /usr/lib/gcc/x86_64-linux-gnu/12/../../../../x86_64-linux-gnu/include -internal-externc-isystem /usr/include/x86_64-linux-gnu -internal-externc-isystem /include -internal-externc-isystem /usr/include -fdeprecated-macro -fdebug-compilation-dir=/home/toby/Pelagos/Projects/Hipfort_Course/CMakeFiles/CMakeTmp -ferror-limit 19 -fgnuc-version=4.2.1 -fcxx-exceptions -fexceptions -faddrsig -D__GCC_HAVE_DWARF2_CFI_ASM=1 -o CMakeFiles/cmTC_06830.dir/CMakeCXXCompilerABI.cpp.o -x c++ /usr/share/cmake-3.22/Modules/CMakeCXXCompilerABI.cpp
clang -cc1 version 17.0.0 based upon LLVM 17.0.0git default target x86_64-unknown-linux-gnu
ignoring nonexistent directory "/usr/lib/gcc/x86_64-linux-gnu/12/../../../../x86_64-linux-gnu/include"
ignoring nonexistent directory "/include"
#include "..." search starts here:
#include <...> search starts here:
 /netsoft/gcc-13.2.0/hipfort/5.7.1/include
 /opt/rocm/include
 /netsoft/gcc/13.2.0/include
 /usr/local/cuda-12.1/include
 /usr/lib/gcc/x86_64-linux-gnu/12/../../../../include/c++/12
 /usr/lib/gcc/x86_64-linux-gnu/12/../../../../include/x86_64-linux-gnu/c++/12
 /usr/lib/gcc/x86_64-linux-gnu/12/../../../../include/c++/12/backward
 /opt/rocm-5.7.3/llvm/lib/clang/17.0.0/include
 /usr/local/include
 /usr/include/x86_64-linux-gnu
 /usr/include
End of search list.
Linking CXX executable cmTC_06830
/usr/bin/cmake -E cmake_link_script CMakeFiles/cmTC_06830.dir/link.txt --verbose=1
/opt/rocm/llvm/bin/clang++  -v CMakeFiles/cmTC_06830.dir/CMakeCXXCompilerABI.cpp.o -o cmTC_06830 
AMD clang version 17.0.0 (https://github.com/RadeonOpenCompute/llvm-project roc-5.7.3 23382 f3e174a1d286158c06e4cc8276366b1d4bc0c914)
Target: x86_64-unknown-linux-gnu
Thread model: posix
InstalledDir: /opt/rocm/llvm/bin
Found candidate GCC installation: /usr/lib/gcc/x86_64-linux-gnu/11
Found candidate GCC installation: /usr/lib/gcc/x86_64-linux-gnu/12
Selected GCC installation: /usr/lib/gcc/x86_64-linux-gnu/12
Candidate multilib: .;@m64
Candidate multilib: 32;@m32
Selected multilib: .;@m64
Found CUDA installation: /usr/local/cuda-12.1, version 
Found HIP installation: /opt/rocm, version 5.7.31921
 "/opt/rocm/llvm/bin/ld.lld" -z relro --hash-style=gnu --eh-frame-hdr -m elf_x86_64 -dynamic-linker /lib64/ld-linux-x86-64.so.2 -o cmTC_06830 /lib/x86_64-linux-gnu/crt1.o /lib/x86_64-linux-gnu/crti.o /opt/rocm-5.7.3/llvm/lib/clang/17.0.0/lib/linux/clang_rt.crtbegin-x86_64.o -L/usr/lib/gcc/x86_64-linux-gnu/12 -L/usr/lib/gcc/x86_64-linux-gnu/12/../../../../lib64 -L/lib/x86_64-linux-gnu -L/lib/../lib64 -L/usr/lib/x86_64-linux-gnu -L/usr/lib/../lib64 -L/lib -L/usr/lib -L/netsoft/gcc/13.2.0/lib64 CMakeFiles/cmTC_06830.dir/CMakeCXXCompilerABI.cpp.o -lstdc++ -lm /opt/rocm-5.7.3/llvm/lib/clang/17.0.0/lib/linux/libclang_rt.builtins-x86_64.a -lgcc_s -lc /opt/rocm-5.7.3/llvm/lib/clang/17.0.0/lib/linux/libclang_rt.builtins-x86_64.a -lgcc_s /opt/rocm-5.7.3/llvm/lib/clang/17.0.0/lib/linux/clang_rt.crtend-x86_64.o /lib/x86_64-linux-gnu/crtn.o
gmake[1]: Leaving directory '/home/toby/Pelagos/Projects/Hipfort_Course/CMakeFiles/CMakeTmp'



Parsed CXX implicit include dir info from above output: rv=done
  found start of include info
  found start of implicit include info
    add: [/netsoft/gcc-13.2.0/hipfort/5.7.1/include]
    add: [/opt/rocm/include]
    add: [/netsoft/gcc/13.2.0/include]
    add: [/usr/local/cuda-12.1/include]
    add: [/usr/lib/gcc/x86_64-linux-gnu/12/../../../../include/c++/12]
    add: [/usr/lib/gcc/x86_64-linux-gnu/12/../../../../include/x86_64-linux-gnu/c++/12]
    add: [/usr/lib/gcc/x86_64-linux-gnu/12/../../../../include/c++/12/backward]
    add: [/opt/rocm-5.7.3/llvm/lib/clang/17.0.0/include]
    add: [/usr/local/include]
    add: [/usr/include/x86_64-linux-gnu]
    add: [/usr/include]
  end of search list found
  collapse include dir [/netsoft/gcc-13.2.0/hipfort/5.7.1/include] ==> [/netsoft/gcc-13.2.0/hipfort/5.7.1/include]
  collapse include dir [/opt/rocm/include] ==> [/opt/rocm/include]
  collapse include dir [/netsoft/gcc/13.2.0/include] ==> [/netsoft/gcc/13.2.0/include]
  collapse include dir [/usr/local/cuda-12.1/include] ==> [/usr/local/cuda-12.1/include]
  collapse include dir [/usr/lib/gcc/x86_64-linux-gnu/12/../../../../include/c++/12] ==> [/usr/include/c++/12]
  collapse include dir [/usr/lib/gcc/x86_64-linux-gnu/12/../../../../include/x86_64-linux-gnu/c++/12] ==> [/usr/include/x86_64-linux-gnu/c++/12]
  collapse include dir [/usr/lib/gcc/x86_64-linux-gnu/12/../../../../include/c++/12/backward] ==> [/usr/include/c++/12/backward]
  collapse include dir [/opt/rocm-5.7.3/llvm/lib/clang/17.0.0/include] ==> [/opt/rocm-5.7.3/llvm/lib/clang/17.0.0/include]
  collapse include dir [/usr/local/include] ==> [/usr/local/include]
  collapse include dir [/usr/include/x86_64-linux-gnu] ==> [/usr/include/x86_64-linux-gnu]
  collapse include dir [/usr/include] ==> [/usr/include]
  implicit include dirs: [/netsoft/gcc-13.2.0/hipfort/5.7.1/include;/opt/rocm/include;/netsoft/gcc/13.2.0/include;/usr/local/cuda-12.1/include;/usr/include/c++/12;/usr/include/x86_64-linux-gnu/c++/12;/usr/include/c++/12/backward;/opt/rocm-5.7.3/llvm/lib/clang/17.0.0/include;/usr/local/include;/usr/include/x86_64-linux-gnu;/usr/include]


Parsed CXX implicit link information from above output:
  link line regex: [^( *|.*[/\])(ld|CMAKE_LINK_STARTFILE-NOTFOUND|([^/\]+-)?ld|collect2)[^/\]*( |$)]
  ignore line: [Change Dir: /home/toby/Pelagos/Projects/Hipfort_Course/CMakeFiles/CMakeTmp]
  ignore line: []
  ignore line: [Run Build Command(s):/usr/bin/gmake -f Makefile cmTC_06830/fast && /usr/bin/gmake  -f CMakeFiles/cmTC_06830.dir/build.make CMakeFiles/cmTC_06830.dir/build]
  ignore line: [gmake[1]: Entering directory '/home/toby/Pelagos/Projects/Hipfort_Course/CMakeFiles/CMakeTmp']
  ignore line: [Building CXX object CMakeFiles/cmTC_06830.dir/CMakeCXXCompilerABI.cpp.o]
  ignore line: [/opt/rocm/llvm/bin/clang++   -v -MD -MT CMakeFiles/cmTC_06830.dir/CMakeCXXCompilerABI.cpp.o -MF CMakeFiles/cmTC_06830.dir/CMakeCXXCompilerABI.cpp.o.d -o CMakeFiles/cmTC_06830.dir/CMakeCXXCompilerABI.cpp.o -c /usr/share/cmake-3.22/Modules/CMakeCXXCompilerABI.cpp]
  ignore line: [AMD clang version 17.0.0 (https://github.com/RadeonOpenCompute/llvm-project roc-5.7.3 23382 f3e174a1d286158c06e4cc8276366b1d4bc0c914)]
  ignore line: [Target: x86_64-unknown-linux-gnu]
  ignore line: [Thread model: posix]
  ignore line: [InstalledDir: /opt/rocm/llvm/bin]
  ignore line: [Found candidate GCC installation: /usr/lib/gcc/x86_64-linux-gnu/11]
  ignore line: [Found candidate GCC installation: /usr/lib/gcc/x86_64-linux-gnu/12]
  ignore line: [Selected GCC installation: /usr/lib/gcc/x86_64-linux-gnu/12]
  ignore line: [Candidate multilib: .]
  ignore line: [@m64]
  ignore line: [Candidate multilib: 32]
  ignore line: [@m32]
  ignore line: [Selected multilib: .]
  ignore line: [@m64]
  ignore line: [Found CUDA installation: /usr/local/cuda-12.1  version ]
  ignore line: [Found HIP installation: /opt/rocm  version 5.7.31921]
  ignore line: [ (in-process)]
  ignore line: [ "/opt/rocm-5.7.3/llvm/bin/clang-17" -cc1 -triple x86_64-unknown-linux-gnu -emit-obj -mrelax-all -disable-free -clear-ast-before-backend -disable-llvm-verifier -discard-value-names -main-file-name CMakeCXXCompilerABI.cpp -mrelocation-model static -mframe-pointer=all -fmath-errno -ffp-contract=on -fno-rounding-math -mconstructor-aliases -funwind-tables=2 -target-cpu x86-64 -tune-cpu generic -debugger-tuning=gdb -v -fcoverage-compilation-dir=/home/toby/Pelagos/Projects/Hipfort_Course/CMakeFiles/CMakeTmp -resource-dir /opt/rocm-5.7.3/llvm/lib/clang/17.0.0 -dependency-file CMakeFiles/cmTC_06830.dir/CMakeCXXCompilerABI.cpp.o.d -MT CMakeFiles/cmTC_06830.dir/CMakeCXXCompilerABI.cpp.o -sys-header-deps -I/netsoft/gcc-13.2.0/hipfort/5.7.1/include -I/opt/rocm/include -I/netsoft/gcc/13.2.0/include -I/usr/local/cuda-12.1/include -internal-isystem /usr/lib/gcc/x86_64-linux-gnu/12/../../../../include/c++/12 -internal-isystem /usr/lib/gcc/x86_64-linux-gnu/12/../../../../include/x86_64-linux-gnu/c++/12 -internal-isystem /usr/lib/gcc/x86_64-linux-gnu/12/../../../../include/c++/12/backward -internal-isystem /opt/rocm-5.7.3/llvm/lib/clang/17.0.0/include -internal-isystem /usr/local/include -internal-isystem /usr/lib/gcc/x86_64-linux-gnu/12/../../../../x86_64-linux-gnu/include -internal-externc-isystem /usr/include/x86_64-linux-gnu -internal-externc-isystem /include -internal-externc-isystem /usr/include -fdeprecated-macro -fdebug-compilation-dir=/home/toby/Pelagos/Projects/Hipfort_Course/CMakeFiles/CMakeTmp -ferror-limit 19 -fgnuc-version=4.2.1 -fcxx-exceptions -fexceptions -faddrsig -D__GCC_HAVE_DWARF2_CFI_ASM=1 -o CMakeFiles/cmTC_06830.dir/CMakeCXXCompilerABI.cpp.o -x c++ /usr/share/cmake-3.22/Modules/CMakeCXXCompilerABI.cpp]
  ignore line: [clang -cc1 version 17.0.0 based upon LLVM 17.0.0git default target x86_64-unknown-linux-gnu]
  ignore line: [ignoring nonexistent directory "/usr/lib/gcc/x86_64-linux-gnu/12/../../../../x86_64-linux-gnu/include"]
  ignore line: [ignoring nonexistent directory "/include"]
  ignore line: [#include "..." search starts here:]
  ignore line: [#include <...> search starts here:]
  ignore line: [ /netsoft/gcc-13.2.0/hipfort/5.7.1/include]
  ignore line: [ /opt/rocm/include]
  ignore line: [ /netsoft/gcc/13.2.0/include]
  ignore line: [ /usr/local/cuda-12.1/include]
  ignore line: [ /usr/lib/gcc/x86_64-linux-gnu/12/../../../../include/c++/12]
  ignore line: [ /usr/lib/gcc/x86_64-linux-gnu/12/../../../../include/x86_64-linux-gnu/c++/12]
  ignore line: [ /usr/lib/gcc/x86_64-linux-gnu/12/../../../../include/c++/12/backward]
  ignore line: [ /opt/rocm-5.7.3/llvm/lib/clang/17.0.0/include]
  ignore line: [ /usr/local/include]
  ignore line: [ /usr/include/x86_64-linux-gnu]
  ignore line: [ /usr/include]
  ignore line: [End of search list.]
  ignore line: [Linking CXX executable cmTC_06830]
  ignore line: [/usr/bin/cmake -E cmake_link_script CMakeFiles/cmTC_06830.dir/link.txt --verbose=1]
  ignore line: [/opt/rocm/llvm/bin/clang++  -v CMakeFiles/cmTC_06830.dir/CMakeCXXCompilerABI.cpp.o -o cmTC_06830 ]
  ignore line: [AMD clang version 17.0.0 (https://github.com/RadeonOpenCompute/llvm-project roc-5.7.3 23382 f3e174a1d286158c06e4cc8276366b1d4bc0c914)]
  ignore line: [Target: x86_64-unknown-linux-gnu]
  ignore line: [Thread model: posix]
  ignore line: [InstalledDir: /opt/rocm/llvm/bin]
  ignore line: [Found candidate GCC installation: /usr/lib/gcc/x86_64-linux-gnu/11]
  ignore line: [Found candidate GCC installation: /usr/lib/gcc/x86_64-linux-gnu/12]
  ignore line: [Selected GCC installation: /usr/lib/gcc/x86_64-linux-gnu/12]
  ignore line: [Candidate multilib: .]
  ignore line: [@m64]
  ignore line: [Candidate multilib: 32]
  ignore line: [@m32]
  ignore line: [Selected multilib: .]
  ignore line: [@m64]
  ignore line: [Found CUDA installation: /usr/local/cuda-12.1  version ]
  ignore line: [Found HIP installation: /opt/rocm  version 5.7.31921]
  link line: [ "/opt/rocm/llvm/bin/ld.lld" -z relro --hash-style=gnu --eh-frame-hdr -m elf_x86_64 -dynamic-linker /lib64/ld-linux-x86-64.so.2 -o cmTC_06830 /lib/x86_64-linux-gnu/crt1.o /lib/x86_64-linux-gnu/crti.o /opt/rocm-5.7.3/llvm/lib/clang/17.0.0/lib/linux/clang_rt.crtbegin-x86_64.o -L/usr/lib/gcc/x86_64-linux-gnu/12 -L/usr/lib/gcc/x86_64-linux-gnu/12/../../../../lib64 -L/lib/x86_64-linux-gnu -L/lib/../lib64 -L/usr/lib/x86_64-linux-gnu -L/usr/lib/../lib64 -L/lib -L/usr/lib -L/netsoft/gcc/13.2.0/lib64 CMakeFiles/cmTC_06830.dir/CMakeCXXCompilerABI.cpp.o -lstdc++ -lm /opt/rocm-5.7.3/llvm/lib/clang/17.0.0/lib/linux/libclang_rt.builtins-x86_64.a -lgcc_s -lc /opt/rocm-5.7.3/llvm/lib/clang/17.0.0/lib/linux/libclang_rt.builtins-x86_64.a -lgcc_s /opt/rocm-5.7.3/llvm/lib/clang/17.0.0/lib/linux/clang_rt.crtend-x86_64.o /lib/x86_64-linux-gnu/crtn.o]
    arg [/opt/rocm/llvm/bin/ld.lld] ==> ignore
    arg [-zrelro] ==> ignore
    arg [--hash-style=gnu] ==> ignore
    arg [--eh-frame-hdr] ==> ignore
    arg [-m] ==> ignore
    arg [elf_x86_64] ==> ignore
    arg [-dynamic-linker] ==> ignore
    arg [/lib64/ld-linux-x86-64.so.2] ==> ignore
    arg [-o] ==> ignore
    arg [cmTC_06830] ==> ignore
    arg [/lib/x86_64-linux-gnu/crt1.o] ==> obj [/lib/x86_64-linux-gnu/crt1.o]
    arg [/lib/x86_64-linux-gnu/crti.o] ==> obj [/lib/x86_64-linux-gnu/crti.o]
    arg [/opt/rocm-5.7.3/llvm/lib/clang/17.0.0/lib/linux/clang_rt.crtbegin-x86_64.o] ==> obj [/opt/rocm-5.7.3/llvm/lib/clang/17.0.0/lib/linux/clang_rt.crtbegin-x86_64.o]
    arg [-L/usr/lib/gcc/x86_64-linux-gnu/12] ==> dir [/usr/lib/gcc/x86_64-linux-gnu/12]
    arg [-L/usr/lib/gcc/x86_64-linux-gnu/12/../../../../lib64] ==> dir [/usr/lib/gcc/x86_64-linux-gnu/12/../../../../lib64]
    arg [-L/lib/x86_64-linux-gnu] ==> dir [/lib/x86_64-linux-gnu]
    arg [-L/lib/../lib64] ==> dir [/lib/../lib64]
    arg [-L/usr/lib/x86_64-linux-gnu] ==> dir [/usr/lib/x86_64-linux-gnu]
    arg [-L/usr/lib/../lib64] ==> dir [/usr/lib/../lib64]
    arg [-L/lib] ==> dir [/lib]
    arg [-L/usr/lib] ==> dir [/usr/lib]
    arg [-L/netsoft/gcc/13.2.0/lib64] ==> dir [/netsoft/gcc/13.2.0/lib64]
    arg [CMakeFiles/cmTC_06830.dir/CMakeCXXCompilerABI.cpp.o] ==> ignore
    arg [-lstdc++] ==> lib [stdc++]
    arg [-lm] ==> lib [m]
    arg [/opt/rocm-5.7.3/llvm/lib/clang/17.0.0/lib/linux/libclang_rt.builtins-x86_64.a] ==> lib [/opt/rocm-5.7.3/llvm/lib/clang/17.0.0/lib/linux/libclang_rt.builtins-x86_64.a]
    arg [-lgcc_s] ==> lib [gcc_s]
    arg [-lc] ==> lib [c]
    arg [/opt/rocm-5.7.3/llvm/lib/clang/17.0.0/lib/linux/libclang_rt.builtins-x86_64.a] ==> lib [/opt/rocm-5.7.3/llvm/lib/clang/17.0.0/lib/linux/libclang_rt.builtins-x86_64.a]
    arg [-lgcc_s] ==> lib [gcc_s]
    arg [/opt/rocm-5.7.3/llvm/lib/clang/17.0.0/lib/linux/clang_rt.crtend-x86_64.o] ==> obj [/opt/rocm-5.7.3/llvm/lib/clang/17.0.0/lib/linux/clang_rt.crtend-x86_64.o]
    arg [/lib/x86_64-linux-gnu/crtn.o] ==> obj [/lib/x86_64-linux-gnu/crtn.o]
  remove lib [/opt/rocm-5.7.3/llvm/lib/clang/17.0.0/lib/linux/libclang_rt.builtins-x86_64.a]
  remove lib [/opt/rocm-5.7.3/llvm/lib/clang/17.0.0/lib/linux/libclang_rt.builtins-x86_64.a]
  collapse library dir [/usr/lib/gcc/x86_64-linux-gnu/12] ==> [/usr/lib/gcc/x86_64-linux-gnu/12]
  collapse library dir [/usr/lib/gcc/x86_64-linux-gnu/12/../../../../lib64] ==> [/usr/lib64]
  collapse library dir [/lib/x86_64-linux-gnu] ==> [/lib/x86_64-linux-gnu]
  collapse library dir [/lib/../lib64] ==> [/lib64]
  collapse library dir [/usr/lib/x86_64-linux-gnu] ==> [/usr/lib/x86_64-linux-gnu]
  collapse library dir [/usr/lib/../lib64] ==> [/usr/lib64]
  collapse library dir [/lib] ==> [/lib]
  collapse library dir [/usr/lib] ==> [/usr/lib]
  collapse library dir [/netsoft/gcc/13.2.0/lib64] ==> [/netsoft/gcc/13.2.0/lib64]
  implicit libs: [stdc++;m;gcc_s;c;gcc_s]
  implicit objs: [/lib/x86_64-linux-gnu/crt1.o;/lib/x86_64-linux-gnu/crti.o;/opt/rocm-5.7.3/llvm/lib/clang/17.0.0/lib/linux/clang_rt.crtbegin-x86_64.o;/opt/rocm-5.7.3/llvm/lib/clang/17.0.0/lib/linux/clang_rt.crtend-x86_64.o;/lib/x86_64-linux-gnu/crtn.o]
  implicit dirs: [/usr/lib/gcc/x86_64-linux-gnu/12;/usr/lib64;/lib/x86_64-linux-gnu;/lib64;/usr/lib/x86_64-linux-gnu;/lib;/usr/lib;/netsoft/gcc/13.2.0/lib64]
  implicit fwks: []


Determining if the include file pthread.h exists passed with the following output:
Change Dir: /home/toby/Pelagos/Projects/Hipfort_Course/CMakeFiles/CMakeTmp

Run Build Command(s):/usr/bin/gmake -f Makefile cmTC_d1a46/fast && /usr/bin/gmake  -f CMakeFiles/cmTC_d1a46.dir/build.make CMakeFiles/cmTC_d1a46.dir/build
gmake[1]: Entering directory '/home/toby/Pelagos/Projects/Hipfort_Course/CMakeFiles/CMakeTmp'
Building CXX object CMakeFiles/cmTC_d1a46.dir/CheckIncludeFile.cxx.o
/opt/rocm/llvm/bin/clang++    -MD -MT CMakeFiles/cmTC_d1a46.dir/CheckIncludeFile.cxx.o -MF CMakeFiles/cmTC_d1a46.dir/CheckIncludeFile.cxx.o.d -o CMakeFiles/cmTC_d1a46.dir/CheckIncludeFile.cxx.o -c /home/toby/Pelagos/Projects/Hipfort_Course/CMakeFiles/CMakeTmp/CheckIncludeFile.cxx
Linking CXX executable cmTC_d1a46
/usr/bin/cmake -E cmake_link_script CMakeFiles/cmTC_d1a46.dir/link.txt --verbose=1
/opt/rocm/llvm/bin/clang++  -lgfortran  -rdynamic CMakeFiles/cmTC_d1a46.dir/CheckIncludeFile.cxx.o -o cmTC_d1a46 
gmake[1]: Leaving directory '/home/toby/Pelagos/Projects/Hipfort_Course/CMakeFiles/CMakeTmp'



Performing C++ SOURCE FILE Test CMAKE_HAVE_LIBC_PTHREAD succeeded with the following output:
Change Dir: /home/toby/Pelagos/Projects/Hipfort_Course/CMakeFiles/CMakeTmp

Run Build Command(s):/usr/bin/gmake -f Makefile cmTC_cf120/fast && /usr/bin/gmake  -f CMakeFiles/cmTC_cf120.dir/build.make CMakeFiles/cmTC_cf120.dir/build
gmake[1]: Entering directory '/home/toby/Pelagos/Projects/Hipfort_Course/CMakeFiles/CMakeTmp'
Building CXX object CMakeFiles/cmTC_cf120.dir/src.cxx.o
/opt/rocm/llvm/bin/clang++ -DCMAKE_HAVE_LIBC_PTHREAD   -MD -MT CMakeFiles/cmTC_cf120.dir/src.cxx.o -MF CMakeFiles/cmTC_cf120.dir/src.cxx.o.d -o CMakeFiles/cmTC_cf120.dir/src.cxx.o -c /home/toby/Pelagos/Projects/Hipfort_Course/CMakeFiles/CMakeTmp/src.cxx
Linking CXX executable cmTC_cf120
/usr/bin/cmake -E cmake_link_script CMakeFiles/cmTC_cf120.dir/link.txt --verbose=1
/opt/rocm/llvm/bin/clang++  -lgfortran  -rdynamic CMakeFiles/cmTC_cf120.dir/src.cxx.o -o cmTC_cf120 
gmake[1]: Leaving directory '/home/toby/Pelagos/Projects/Hipfort_Course/CMakeFiles/CMakeTmp'


Source file was:
#include <pthread.h>

static void* test_func(void* data)
{
  return data;
}

int main(void)
{
  pthread_t thread;
  pthread_create(&thread, NULL, test_func, NULL);
  pthread_detach(thread);
  pthread_cancel(thread);
  pthread_join(thread, NULL);
  pthread_atfork(NULL, NULL, NULL);
  pthread_exit(NULL);

  return 0;
}

Performing C++ SOURCE FILE Test HIP_CLANG_SUPPORTS_PARALLEL_JOBS succeeded with the following output:
Change Dir: /home/toby/Pelagos/Projects/Hipfort_Course/CMakeFiles/CMakeTmp

Run Build Command(s):/usr/bin/gmake -f Makefile cmTC_bc9db/fast && /usr/bin/gmake  -f CMakeFiles/cmTC_bc9db.dir/build.make CMakeFiles/cmTC_bc9db.dir/build
gmake[1]: Entering directory '/home/toby/Pelagos/Projects/Hipfort_Course/CMakeFiles/CMakeTmp'
Building CXX object CMakeFiles/cmTC_bc9db.dir/src.cxx.o
/opt/rocm/llvm/bin/clang++ -DHIP_CLANG_SUPPORTS_PARALLEL_JOBS  -parallel-jobs=1 -MD -MT CMakeFiles/cmTC_bc9db.dir/src.cxx.o -MF CMakeFiles/cmTC_bc9db.dir/src.cxx.o.d -o CMakeFiles/cmTC_bc9db.dir/src.cxx.o -c /home/toby/Pelagos/Projects/Hipfort_Course/CMakeFiles/CMakeTmp/src.cxx
Linking CXX executable cmTC_bc9db
/usr/bin/cmake -E cmake_link_script CMakeFiles/cmTC_bc9db.dir/link.txt --verbose=1
/opt/rocm/llvm/bin/clang++  -lgfortran  -rdynamic CMakeFiles/cmTC_bc9db.dir/src.cxx.o -o cmTC_bc9db 
gmake[1]: Leaving directory '/home/toby/Pelagos/Projects/Hipfort_Course/CMakeFiles/CMakeTmp'


Source file was:
int main() { return 0; }
